0 verbose cli [
0 verbose cli   '/home/vagrant/.nvm/versions/node/v15.8.0/bin/node',
0 verbose cli   '/home/vagrant/.nvm/versions/node/v15.8.0/bin/npm',
0 verbose cli   'add',
0 verbose cli   'jquery'
0 verbose cli ]
1 info using npm@7.5.1
2 info using node@v15.8.0
3 timing config:load:defaults Completed in 4ms
4 timing config:load:file:/home/vagrant/.nvm/versions/node/v15.8.0/lib/node_modules/npm/npmrc Completed in 1ms
5 timing config:load:builtin Completed in 1ms
6 timing config:load:cli Completed in 5ms
7 timing config:load:env Completed in 1ms
8 timing config:load:file:/home/vagrant/Code/weibo/.npmrc Completed in 1ms
9 timing config:load:project Completed in 2ms
10 timing config:load:file:/home/vagrant/.npmrc Completed in 2ms
11 timing config:load:user Completed in 2ms
12 timing config:load:file:/home/vagrant/.nvm/versions/node/v15.8.0/etc/npmrc Completed in 1ms
13 timing config:load:global Completed in 1ms
14 timing config:load:cafile Completed in 0ms
15 timing config:load:validate Completed in 4ms
16 timing config:load:setUserAgent Completed in 1ms
17 timing config:load:setEnvs Completed in 3ms
18 timing config:load Completed in 25ms
19 verbose npm-session e4ff11984d625e34
20 timing npm:load Completed in 50ms
21 timing arborist:ctor Completed in 2ms
22 timing idealTree:init Completed in 2514ms
23 timing idealTree:userRequests Completed in 22ms
24 silly idealTree buildDeps
25 silly fetch manifest jquery@^3.2
26 http fetch GET 200 https://registry.npm.taobao.org/jquery 5724ms
27 silly placeDep ROOT jquery@3.5.1 KEEP for:  want: ^3.2
28 timing idealTree:#root Completed in 5751ms
29 timing idealTree:buildDeps Completed in 5754ms
30 timing idealTree:fixDepFlags Completed in 79ms
31 timing idealTree Completed in 8424ms
32 timing reify:loadTrees Completed in 8444ms
33 timing reify:diffTrees Completed in 195ms
34 silly reify mark retired [
34 silly reify   '/home/vagrant/Code/weibo/node_modules/acorn',
34 silly reify   '/home/vagrant/Code/weibo/node_modules/.bin/acorn'
34 silly reify ]
35 silly reify mark retired [
35 silly reify   '/home/vagrant/Code/weibo/node_modules/adjust-sourcemap-loader/node_modules/json5',
35 silly reify   '/home/vagrant/Code/weibo/node_modules/adjust-sourcemap-loader/node_modules/.bin/json5'
35 silly reify ]
36 silly reify mark retired [
36 silly reify   '/home/vagrant/Code/weibo/node_modules/ansi-html',
36 silly reify   '/home/vagrant/Code/weibo/node_modules/.bin/ansi-html'
36 silly reify ]
37 silly reify mark retired [
37 silly reify   '/home/vagrant/Code/weibo/node_modules/autoprefixer',
37 silly reify   '/home/vagrant/Code/weibo/node_modules/.bin/autoprefixer'
37 silly reify ]
38 silly reify mark retired [
38 silly reify   '/home/vagrant/Code/weibo/node_modules/atob',
38 silly reify   '/home/vagrant/Code/weibo/node_modules/.bin/atob'
38 silly reify ]
39 silly reify mark retired [
39 silly reify   '/home/vagrant/Code/weibo/node_modules/browserslist',
39 silly reify   '/home/vagrant/Code/weibo/node_modules/.bin/browserslist'
39 silly reify ]
40 silly reify mark retired [
40 silly reify   '/home/vagrant/Code/weibo/node_modules/concat',
40 silly reify   '/home/vagrant/Code/weibo/node_modules/.bin/concat'
40 silly reify ]
41 silly reify mark retired [
41 silly reify   '/home/vagrant/Code/weibo/node_modules/core-js-compat/node_modules/semver',
41 silly reify   '/home/vagrant/Code/weibo/node_modules/core-js-compat/node_modules/.bin/semver'
41 silly reify ]
42 silly reify mark retired [
42 silly reify   '/home/vagrant/Code/weibo/node_modules/cross-env',
42 silly reify   '/home/vagrant/Code/weibo/node_modules/.bin/cross-env',
42 silly reify   '/home/vagrant/Code/weibo/node_modules/.bin/cross-env-shell'
42 silly reify ]
43 silly reify mark retired [
43 silly reify   '/home/vagrant/Code/weibo/node_modules/cssesc',
43 silly reify   '/home/vagrant/Code/weibo/node_modules/.bin/cssesc'
43 silly reify ]
44 silly reify mark retired [
44 silly reify   '/home/vagrant/Code/weibo/node_modules/errno',
44 silly reify   '/home/vagrant/Code/weibo/node_modules/.bin/errno'
44 silly reify ]
45 silly reify mark retired [
45 silly reify   '/home/vagrant/Code/weibo/node_modules/esprima',
45 silly reify   '/home/vagrant/Code/weibo/node_modules/.bin/esparse',
45 silly reify   '/home/vagrant/Code/weibo/node_modules/.bin/esvalidate'
45 silly reify ]
46 silly reify mark retired [
46 silly reify   '/home/vagrant/Code/weibo/node_modules/he',
46 silly reify   '/home/vagrant/Code/weibo/node_modules/.bin/he'
46 silly reify ]
47 silly reify mark retired [
47 silly reify   '/home/vagrant/Code/weibo/node_modules/html-minifier',
47 silly reify   '/home/vagrant/Code/weibo/node_modules/.bin/html-minifier'
47 silly reify ]
48 silly reify mark retired [
48 silly reify   '/home/vagrant/Code/weibo/node_modules/import-local',
48 silly reify   '/home/vagrant/Code/weibo/node_modules/.bin/import-local-fixture'
48 silly reify ]
49 silly reify mark retired [
49 silly reify   '/home/vagrant/Code/weibo/node_modules/is-docker',
49 silly reify   '/home/vagrant/Code/weibo/node_modules/.bin/is-docker'
49 silly reify ]
50 silly reify mark retired [
50 silly reify   '/home/vagrant/Code/weibo/node_modules/js-yaml',
50 silly reify   '/home/vagrant/Code/weibo/node_modules/.bin/js-yaml'
50 silly reify ]
51 silly reify mark retired [
51 silly reify   '/home/vagrant/Code/weibo/node_modules/jsesc',
51 silly reify   '/home/vagrant/Code/weibo/node_modules/.bin/jsesc'
51 silly reify ]
52 silly reify mark retired [
52 silly reify   '/home/vagrant/Code/weibo/node_modules/json5',
52 silly reify   '/home/vagrant/Code/weibo/node_modules/.bin/json5'
52 silly reify ]
53 silly reify mark retired [
53 silly reify   '/home/vagrant/Code/weibo/node_modules/laravel-mix/node_modules/terser',
53 silly reify   '/home/vagrant/Code/weibo/node_modules/laravel-mix/node_modules/.bin/terser'
53 silly reify ]
54 silly reify mark retired [
54 silly reify   '/home/vagrant/Code/weibo/node_modules/make-dir/node_modules/semver',
54 silly reify   '/home/vagrant/Code/weibo/node_modules/make-dir/node_modules/.bin/semver'
54 silly reify ]
55 silly reify mark retired [
55 silly reify   '/home/vagrant/Code/weibo/node_modules/miller-rabin',
55 silly reify   '/home/vagrant/Code/weibo/node_modules/.bin/miller-rabin'
55 silly reify ]
56 silly reify mark retired [
56 silly reify   '/home/vagrant/Code/weibo/node_modules/mime',
56 silly reify   '/home/vagrant/Code/weibo/node_modules/.bin/mime'
56 silly reify ]
57 silly reify mark retired [
57 silly reify   '/home/vagrant/Code/weibo/node_modules/mkdirp',
57 silly reify   '/home/vagrant/Code/weibo/node_modules/.bin/mkdirp'
57 silly reify ]
58 silly reify mark retired [
58 silly reify   '/home/vagrant/Code/weibo/node_modules/multicast-dns',
58 silly reify   '/home/vagrant/Code/weibo/node_modules/.bin/multicast-dns'
58 silly reify ]
59 silly reify mark retired [
59 silly reify   '/home/vagrant/Code/weibo/node_modules/node-notifier/node_modules/uuid',
59 silly reify   '/home/vagrant/Code/weibo/node_modules/node-notifier/node_modules/.bin/uuid'
59 silly reify ]
60 silly reify mark retired [
60 silly reify   '/home/vagrant/Code/weibo/node_modules/node-notifier/node_modules/semver',
60 silly reify   '/home/vagrant/Code/weibo/node_modules/node-notifier/node_modules/.bin/semver'
60 silly reify ]
61 silly reify mark retired [
61 silly reify   '/home/vagrant/Code/weibo/node_modules/node-notifier/node_modules/which',
61 silly reify   '/home/vagrant/Code/weibo/node_modules/node-notifier/node_modules/.bin/node-which'
61 silly reify ]
62 silly reify mark retired [
62 silly reify   '/home/vagrant/Code/weibo/node_modules/prettier',
62 silly reify   '/home/vagrant/Code/weibo/node_modules/.bin/prettier'
62 silly reify ]
63 silly reify mark retired [
63 silly reify   '/home/vagrant/Code/weibo/node_modules/regjsparser',
63 silly reify   '/home/vagrant/Code/weibo/node_modules/.bin/regjsparser'
63 silly reify ]
64 silly reify mark retired [
64 silly reify   '/home/vagrant/Code/weibo/node_modules/rimraf',
64 silly reify   '/home/vagrant/Code/weibo/node_modules/.bin/rimraf'
64 silly reify ]
65 silly reify mark retired [
65 silly reify   '/home/vagrant/Code/weibo/node_modules/sass',
65 silly reify   '/home/vagrant/Code/weibo/node_modules/.bin/sass'
65 silly reify ]
66 silly reify mark retired [
66 silly reify   '/home/vagrant/Code/weibo/node_modules/sass-loader/node_modules/semver',
66 silly reify   '/home/vagrant/Code/weibo/node_modules/sass-loader/node_modules/.bin/semver'
66 silly reify ]
67 silly reify mark retired [
67 silly reify   '/home/vagrant/Code/weibo/node_modules/semver',
67 silly reify   '/home/vagrant/Code/weibo/node_modules/.bin/semver'
67 silly reify ]
68 silly reify mark retired [
68 silly reify   '/home/vagrant/Code/weibo/node_modules/send/node_modules/mime',
68 silly reify   '/home/vagrant/Code/weibo/node_modules/send/node_modules/.bin/mime'
68 silly reify ]
69 silly reify mark retired [
69 silly reify   '/home/vagrant/Code/weibo/node_modules/sha.js',
69 silly reify   '/home/vagrant/Code/weibo/node_modules/.bin/sha.js'
69 silly reify ]
70 silly reify mark retired [
70 silly reify   '/home/vagrant/Code/weibo/node_modules/svgo',
70 silly reify   '/home/vagrant/Code/weibo/node_modules/.bin/svgo'
70 silly reify ]
71 silly reify mark retired [
71 silly reify   '/home/vagrant/Code/weibo/node_modules/terser',
71 silly reify   '/home/vagrant/Code/weibo/node_modules/.bin/terser'
71 silly reify ]
72 silly reify mark retired [
72 silly reify   '/home/vagrant/Code/weibo/node_modules/uglify-js',
72 silly reify   '/home/vagrant/Code/weibo/node_modules/.bin/uglifyjs'
72 silly reify ]
73 silly reify mark retired [
73 silly reify   '/home/vagrant/Code/weibo/node_modules/uuid',
73 silly reify   '/home/vagrant/Code/weibo/node_modules/.bin/uuid'
73 silly reify ]
74 silly reify mark retired [
74 silly reify   '/home/vagrant/Code/weibo/node_modules/webpack-cli',
74 silly reify   '/home/vagrant/Code/weibo/node_modules/.bin/webpack-cli'
74 silly reify ]
75 silly reify mark retired [
75 silly reify   '/home/vagrant/Code/weibo/node_modules/webpack-dev-server',
75 silly reify   '/home/vagrant/Code/weibo/node_modules/.bin/webpack-dev-server'
75 silly reify ]
76 silly reify mark retired [
76 silly reify   '/home/vagrant/Code/weibo/node_modules/webpack',
76 silly reify   '/home/vagrant/Code/weibo/node_modules/.bin/webpack'
76 silly reify ]
77 silly reify mark retired [
77 silly reify   '/home/vagrant/Code/weibo/node_modules/which',
77 silly reify   '/home/vagrant/Code/weibo/node_modules/.bin/which'
77 silly reify ]
78 silly reify mark retired [
78 silly reify   '/home/vagrant/Code/weibo/node_modules/@babel/core/node_modules/json5',
78 silly reify   '/home/vagrant/Code/weibo/node_modules/@babel/core/node_modules/.bin/json5'
78 silly reify ]
79 silly reify mark retired [
79 silly reify   '/home/vagrant/Code/weibo/node_modules/@babel/parser',
79 silly reify   '/home/vagrant/Code/weibo/node_modules/.bin/parser'
79 silly reify ]
80 silly reify moves {
80 silly reify   '/home/vagrant/Code/weibo/node_modules/acorn': '/home/vagrant/Code/weibo/node_modules/.acorn-6roYPuVQ',
80 silly reify   '/home/vagrant/Code/weibo/node_modules/.bin/acorn': '/home/vagrant/Code/weibo/node_modules/.bin/.acorn-3Xyso6TT',
80 silly reify   '/home/vagrant/Code/weibo/node_modules/adjust-sourcemap-loader/node_modules/json5': '/home/vagrant/Code/weibo/node_modules/adjust-sourcemap-loader/node_modules/.json5-0jg2X4lK',
80 silly reify   '/home/vagrant/Code/weibo/node_modules/adjust-sourcemap-loader/node_modules/.bin/json5': '/home/vagrant/Code/weibo/node_modules/adjust-sourcemap-loader/node_modules/.bin/.json5-WAS862BG',
80 silly reify   '/home/vagrant/Code/weibo/node_modules/ansi-html': '/home/vagrant/Code/weibo/node_modules/.ansi-html-OzufJsLR',
80 silly reify   '/home/vagrant/Code/weibo/node_modules/.bin/ansi-html': '/home/vagrant/Code/weibo/node_modules/.bin/.ansi-html-oi3OoOuT',
80 silly reify   '/home/vagrant/Code/weibo/node_modules/autoprefixer': '/home/vagrant/Code/weibo/node_modules/.autoprefixer-v7OYSex5',
80 silly reify   '/home/vagrant/Code/weibo/node_modules/.bin/autoprefixer': '/home/vagrant/Code/weibo/node_modules/.bin/.autoprefixer-zVY35zZk',
80 silly reify   '/home/vagrant/Code/weibo/node_modules/atob': '/home/vagrant/Code/weibo/node_modules/.atob-vB0sLv8j',
80 silly reify   '/home/vagrant/Code/weibo/node_modules/.bin/atob': '/home/vagrant/Code/weibo/node_modules/.bin/.atob-RmBlWjgq',
80 silly reify   '/home/vagrant/Code/weibo/node_modules/browserslist': '/home/vagrant/Code/weibo/node_modules/.browserslist-fQRKo0aS',
80 silly reify   '/home/vagrant/Code/weibo/node_modules/.bin/browserslist': '/home/vagrant/Code/weibo/node_modules/.bin/.browserslist-cC3rba7o',
80 silly reify   '/home/vagrant/Code/weibo/node_modules/concat': '/home/vagrant/Code/weibo/node_modules/.concat-OhdvieNk',
80 silly reify   '/home/vagrant/Code/weibo/node_modules/.bin/concat': '/home/vagrant/Code/weibo/node_modules/.bin/.concat-nyUltPDD',
80 silly reify   '/home/vagrant/Code/weibo/node_modules/core-js-compat/node_modules/semver': '/home/vagrant/Code/weibo/node_modules/core-js-compat/node_modules/.semver-Jh01Xh93',
80 silly reify   '/home/vagrant/Code/weibo/node_modules/core-js-compat/node_modules/.bin/semver': '/home/vagrant/Code/weibo/node_modules/core-js-compat/node_modules/.bin/.semver-1S8FYRg7',
80 silly reify   '/home/vagrant/Code/weibo/node_modules/cross-env': '/home/vagrant/Code/weibo/node_modules/.cross-env-Hpniryvr',
80 silly reify   '/home/vagrant/Code/weibo/node_modules/.bin/cross-env': '/home/vagrant/Code/weibo/node_modules/.bin/.cross-env-S3t0V99c',
80 silly reify   '/home/vagrant/Code/weibo/node_modules/.bin/cross-env-shell': '/home/vagrant/Code/weibo/node_modules/.bin/.cross-env-shell-c0U6nmz6',
80 silly reify   '/home/vagrant/Code/weibo/node_modules/cssesc': '/home/vagrant/Code/weibo/node_modules/.cssesc-cbwHlBY6',
80 silly reify   '/home/vagrant/Code/weibo/node_modules/.bin/cssesc': '/home/vagrant/Code/weibo/node_modules/.bin/.cssesc-9sVOfHtW',
80 silly reify   '/home/vagrant/Code/weibo/node_modules/errno': '/home/vagrant/Code/weibo/node_modules/.errno-drDE7VEu',
80 silly reify   '/home/vagrant/Code/weibo/node_modules/.bin/errno': '/home/vagrant/Code/weibo/node_modules/.bin/.errno-yyoMQWf8',
80 silly reify   '/home/vagrant/Code/weibo/node_modules/esprima': '/home/vagrant/Code/weibo/node_modules/.esprima-sEm30lcZ',
80 silly reify   '/home/vagrant/Code/weibo/node_modules/.bin/esparse': '/home/vagrant/Code/weibo/node_modules/.bin/.esparse-UE2tVZhK',
80 silly reify   '/home/vagrant/Code/weibo/node_modules/.bin/esvalidate': '/home/vagrant/Code/weibo/node_modules/.bin/.esvalidate-lHMGJpuo',
80 silly reify   '/home/vagrant/Code/weibo/node_modules/he': '/home/vagrant/Code/weibo/node_modules/.he-EMxCSO3P',
80 silly reify   '/home/vagrant/Code/weibo/node_modules/.bin/he': '/home/vagrant/Code/weibo/node_modules/.bin/.he-Om2wWto3',
80 silly reify   '/home/vagrant/Code/weibo/node_modules/html-minifier': '/home/vagrant/Code/weibo/node_modules/.html-minifier-9RVgro1V',
80 silly reify   '/home/vagrant/Code/weibo/node_modules/.bin/html-minifier': '/home/vagrant/Code/weibo/node_modules/.bin/.html-minifier-CdQYJ4Yu',
80 silly reify   '/home/vagrant/Code/weibo/node_modules/import-local': '/home/vagrant/Code/weibo/node_modules/.import-local-MpPf6WTA',
80 silly reify   '/home/vagrant/Code/weibo/node_modules/.bin/import-local-fixture': '/home/vagrant/Code/weibo/node_modules/.bin/.import-local-fixture-Wkq3mcla',
80 silly reify   '/home/vagrant/Code/weibo/node_modules/is-docker': '/home/vagrant/Code/weibo/node_modules/.is-docker-tEJ3oYW4',
80 silly reify   '/home/vagrant/Code/weibo/node_modules/.bin/is-docker': '/home/vagrant/Code/weibo/node_modules/.bin/.is-docker-1mNq5BU4',
80 silly reify   '/home/vagrant/Code/weibo/node_modules/js-yaml': '/home/vagrant/Code/weibo/node_modules/.js-yaml-9Mx4E0nj',
80 silly reify   '/home/vagrant/Code/weibo/node_modules/.bin/js-yaml': '/home/vagrant/Code/weibo/node_modules/.bin/.js-yaml-dGk1DP0n',
80 silly reify   '/home/vagrant/Code/weibo/node_modules/jsesc': '/home/vagrant/Code/weibo/node_modules/.jsesc-ChA8SPIg',
80 silly reify   '/home/vagrant/Code/weibo/node_modules/.bin/jsesc': '/home/vagrant/Code/weibo/node_modules/.bin/.jsesc-eeKtO6Y8',
80 silly reify   '/home/vagrant/Code/weibo/node_modules/json5': '/home/vagrant/Code/weibo/node_modules/.json5-ZzrWf14g',
80 silly reify   '/home/vagrant/Code/weibo/node_modules/.bin/json5': '/home/vagrant/Code/weibo/node_modules/.bin/.json5-8Tzv8FTw',
80 silly reify   '/home/vagrant/Code/weibo/node_modules/laravel-mix/node_modules/terser': '/home/vagrant/Code/weibo/node_modules/laravel-mix/node_modules/.terser-XlpKhWXD',
80 silly reify   '/home/vagrant/Code/weibo/node_modules/laravel-mix/node_modules/.bin/terser': '/home/vagrant/Code/weibo/node_modules/laravel-mix/node_modules/.bin/.terser-tFDs4iqC',
80 silly reify   '/home/vagrant/Code/weibo/node_modules/make-dir/node_modules/semver': '/home/vagrant/Code/weibo/node_modules/make-dir/node_modules/.semver-McXgs7aY',
80 silly reify   '/home/vagrant/Code/weibo/node_modules/make-dir/node_modules/.bin/semver': '/home/vagrant/Code/weibo/node_modules/make-dir/node_modules/.bin/.semver-4KfTgTjS',
80 silly reify   '/home/vagrant/Code/weibo/node_modules/miller-rabin': '/home/vagrant/Code/weibo/node_modules/.miller-rabin-Fm3AGYHN',
80 silly reify   '/home/vagrant/Code/weibo/node_modules/.bin/miller-rabin': '/home/vagrant/Code/weibo/node_modules/.bin/.miller-rabin-ui9j6Bet',
80 silly reify   '/home/vagrant/Code/weibo/node_modules/mime': '/home/vagrant/Code/weibo/node_modules/.mime-uI57yD28',
80 silly reify   '/home/vagrant/Code/weibo/node_modules/.bin/mime': '/home/vagrant/Code/weibo/node_modules/.bin/.mime-wygVonhm',
80 silly reify   '/home/vagrant/Code/weibo/node_modules/mkdirp': '/home/vagrant/Code/weibo/node_modules/.mkdirp-nY3xIQFQ',
80 silly reify   '/home/vagrant/Code/weibo/node_modules/.bin/mkdirp': '/home/vagrant/Code/weibo/node_modules/.bin/.mkdirp-Di4FYQQA',
80 silly reify   '/home/vagrant/Code/weibo/node_modules/multicast-dns': '/home/vagrant/Code/weibo/node_modules/.multicast-dns-ALMTwiaE',
80 silly reify   '/home/vagrant/Code/weibo/node_modules/.bin/multicast-dns': '/home/vagrant/Code/weibo/node_modules/.bin/.multicast-dns-LFRkReIg',
80 silly reify   '/home/vagrant/Code/weibo/node_modules/node-notifier/node_modules/uuid': '/home/vagrant/Code/weibo/node_modules/node-notifier/node_modules/.uuid-pexDwLhW',
80 silly reify   '/home/vagrant/Code/weibo/node_modules/node-notifier/node_modules/.bin/uuid': '/home/vagrant/Code/weibo/node_modules/node-notifier/node_modules/.bin/.uuid-SuGzEVqh',
80 silly reify   '/home/vagrant/Code/weibo/node_modules/node-notifier/node_modules/semver': '/home/vagrant/Code/weibo/node_modules/node-notifier/node_modules/.semver-xkMoxRwv',
80 silly reify   '/home/vagrant/Code/weibo/node_modules/node-notifier/node_modules/.bin/semver': '/home/vagrant/Code/weibo/node_modules/node-notifier/node_modules/.bin/.semver-7bUKcstx',
80 silly reify   '/home/vagrant/Code/weibo/node_modules/node-notifier/node_modules/which': '/home/vagrant/Code/weibo/node_modules/node-notifier/node_modules/.which-We2FmWf9',
80 silly reify   '/home/vagrant/Code/weibo/node_modules/node-notifier/node_modules/.bin/node-which': '/home/vagrant/Code/weibo/node_modules/node-notifier/node_modules/.bin/.node-which-d2y9rKrv',
80 silly reify   '/home/vagrant/Code/weibo/node_modules/prettier': '/home/vagrant/Code/weibo/node_modules/.prettier-7NG71cCZ',
80 silly reify   '/home/vagrant/Code/weibo/node_modules/.bin/prettier': '/home/vagrant/Code/weibo/node_modules/.bin/.prettier-4AADQoWi',
80 silly reify   '/home/vagrant/Code/weibo/node_modules/regjsparser': '/home/vagrant/Code/weibo/node_modules/.regjsparser-HqJnaoD0',
80 silly reify   '/home/vagrant/Code/weibo/node_modules/.bin/regjsparser': '/home/vagrant/Code/weibo/node_modules/.bin/.regjsparser-7DPJmTqR',
80 silly reify   '/home/vagrant/Code/weibo/node_modules/rimraf': '/home/vagrant/Code/weibo/node_modules/.rimraf-W0oJlszP',
80 silly reify   '/home/vagrant/Code/weibo/node_modules/.bin/rimraf': '/home/vagrant/Code/weibo/node_modules/.bin/.rimraf-D5mG9TSX',
80 silly reify   '/home/vagrant/Code/weibo/node_modules/sass': '/home/vagrant/Code/weibo/node_modules/.sass-j0jKReqD',
80 silly reify   '/home/vagrant/Code/weibo/node_modules/.bin/sass': '/home/vagrant/Code/weibo/node_modules/.bin/.sass-t1xZx1HP',
80 silly reify   '/home/vagrant/Code/weibo/node_modules/sass-loader/node_modules/semver': '/home/vagrant/Code/weibo/node_modules/sass-loader/node_modules/.semver-cHIFj5s5',
80 silly reify   '/home/vagrant/Code/weibo/node_modules/sass-loader/node_modules/.bin/semver': '/home/vagrant/Code/weibo/node_modules/sass-loader/node_modules/.bin/.semver-OrRkOZNS',
80 silly reify   '/home/vagrant/Code/weibo/node_modules/semver': '/home/vagrant/Code/weibo/node_modules/.semver-kMrWcajw',
80 silly reify   '/home/vagrant/Code/weibo/node_modules/.bin/semver': '/home/vagrant/Code/weibo/node_modules/.bin/.semver-a8iBlEXk',
80 silly reify   '/home/vagrant/Code/weibo/node_modules/send/node_modules/mime': '/home/vagrant/Code/weibo/node_modules/send/node_modules/.mime-s62v8yRm',
80 silly reify   '/home/vagrant/Code/weibo/node_modules/send/node_modules/.bin/mime': '/home/vagrant/Code/weibo/node_modules/send/node_modules/.bin/.mime-JUqZ71vd',
80 silly reify   '/home/vagrant/Code/weibo/node_modules/sha.js': '/home/vagrant/Code/weibo/node_modules/.sha.js-cfdzZ2gN',
80 silly reify   '/home/vagrant/Code/weibo/node_modules/.bin/sha.js': '/home/vagrant/Code/weibo/node_modules/.bin/.sha.js-ka9lacjV',
80 silly reify   '/home/vagrant/Code/weibo/node_modules/svgo': '/home/vagrant/Code/weibo/node_modules/.svgo-uA13kLih',
80 silly reify   '/home/vagrant/Code/weibo/node_modules/.bin/svgo': '/home/vagrant/Code/weibo/node_modules/.bin/.svgo-Y7mDQgQJ',
80 silly reify   '/home/vagrant/Code/weibo/node_modules/terser': '/home/vagrant/Code/weibo/node_modules/.terser-gwyLmyRA',
80 silly reify   '/home/vagrant/Code/weibo/node_modules/.bin/terser': '/home/vagrant/Code/weibo/node_modules/.bin/.terser-8y2DTZlq',
80 silly reify   '/home/vagrant/Code/weibo/node_modules/uglify-js': '/home/vagrant/Code/weibo/node_modules/.uglify-js-3aumQ8rk',
80 silly reify   '/home/vagrant/Code/weibo/node_modules/.bin/uglifyjs': '/home/vagrant/Code/weibo/node_modules/.bin/.uglifyjs-PEHDMcqf',
80 silly reify   '/home/vagrant/Code/weibo/node_modules/uuid': '/home/vagrant/Code/weibo/node_modules/.uuid-dueqK1yM',
80 silly reify   '/home/vagrant/Code/weibo/node_modules/.bin/uuid': '/home/vagrant/Code/weibo/node_modules/.bin/.uuid-XfyJlIEY',
80 silly reify   '/home/vagrant/Code/weibo/node_modules/webpack-cli': '/home/vagrant/Code/weibo/node_modules/.webpack-cli-UMjJO2n6',
80 silly reify   '/home/vagrant/Code/weibo/node_modules/.bin/webpack-cli': '/home/vagrant/Code/weibo/node_modules/.bin/.webpack-cli-n5OK1ZHS',
80 silly reify   '/home/vagrant/Code/weibo/node_modules/webpack-dev-server': '/home/vagrant/Code/weibo/node_modules/.webpack-dev-server-SIpBpw6q',
80 silly reify   '/home/vagrant/Code/weibo/node_modules/.bin/webpack-dev-server': '/home/vagrant/Code/weibo/node_modules/.bin/.webpack-dev-server-ocu6BBQO',
80 silly reify   '/home/vagrant/Code/weibo/node_modules/webpack': '/home/vagrant/Code/weibo/node_modules/.webpack-zd3e7T0r',
80 silly reify   '/home/vagrant/Code/weibo/node_modules/.bin/webpack': '/home/vagrant/Code/weibo/node_modules/.bin/.webpack-Z4PLGfBW',
80 silly reify   '/home/vagrant/Code/weibo/node_modules/which': '/home/vagrant/Code/weibo/node_modules/.which-9JU6z8wv',
80 silly reify   '/home/vagrant/Code/weibo/node_modules/.bin/which': '/home/vagrant/Code/weibo/node_modules/.bin/.which-DgvryVnl',
80 silly reify   '/home/vagrant/Code/weibo/node_modules/@babel/core/node_modules/json5': '/home/vagrant/Code/weibo/node_modules/@babel/core/node_modules/.json5-UaJFoph2',
80 silly reify   '/home/vagrant/Code/weibo/node_modules/@babel/core/node_modules/.bin/json5': '/home/vagrant/Code/weibo/node_modules/@babel/core/node_modules/.bin/.json5-un16pPkL',
80 silly reify   '/home/vagrant/Code/weibo/node_modules/@babel/parser': '/home/vagrant/Code/weibo/node_modules/@babel/.parser-l3pOlCV3',
80 silly reify   '/home/vagrant/Code/weibo/node_modules/.bin/parser': '/home/vagrant/Code/weibo/node_modules/.bin/.parser-0pyTKn1f'
80 silly reify }
81 timing reify:retireShallow Completed in 565ms
82 timing reify:createSparse Completed in 126ms
83 timing reify:loadBundles Completed in 0ms
84 http fetch POST 404 https://registry.npm.taobao.org/-/npm/v1/security/advisories/bulk 2911ms
85 timing reifyNode:node_modules/rimraf Completed in 5221ms
86 timing reifyNode:node_modules/is-docker Completed in 5311ms
87 timing reifyNode:node_modules/import-local Completed in 5341ms
88 timing reifyNode:node_modules/which Completed in 5494ms
89 timing reifyNode:node_modules/node-notifier/node_modules/which Completed in 5665ms
90 timing reifyNode:node_modules/mkdirp Completed in 5676ms
91 timing reifyNode:node_modules/cross-env/node_modules/which Completed in 5758ms
92 timing reifyNode:node_modules/ansi-html Completed in 6635ms
93 http fetch POST 404 https://registry.npm.taobao.org/-/npm/v1/security/audits/quick 2712ms
94 verbose audit error Error: 404 Not Found - POST https://registry.npm.taobao.org/-/npm/v1/security/audits/quick - [not_found] document not found
94 verbose audit error     at /home/vagrant/.nvm/versions/node/v15.8.0/lib/node_modules/npm/node_modules/npm-registry-fetch/check-response.js:123:15
94 verbose audit error     at async Map.[getReport] (/home/vagrant/.nvm/versions/node/v15.8.0/lib/node_modules/npm/node_modules/@npmcli/arborist/lib/audit-report.js:310:21)
94 verbose audit error     at async Map.run (/home/vagrant/.nvm/versions/node/v15.8.0/lib/node_modules/npm/node_modules/@npmcli/arborist/lib/audit-report.js:103:19)
94 verbose audit error  HttpErrorGeneral: 404 Not Found - POST https://registry.npm.taobao.org/-/npm/v1/security/audits/quick - [not_found] document not found
94 verbose audit error     at /home/vagrant/.nvm/versions/node/v15.8.0/lib/node_modules/npm/node_modules/npm-registry-fetch/check-response.js:123:15
94 verbose audit error     at async Map.[getReport] (/home/vagrant/.nvm/versions/node/v15.8.0/lib/node_modules/npm/node_modules/@npmcli/arborist/lib/audit-report.js:310:21)
94 verbose audit error     at async Map.run (/home/vagrant/.nvm/versions/node/v15.8.0/lib/node_modules/npm/node_modules/@npmcli/arborist/lib/audit-report.js:103:19) {
94 verbose audit error   headers: [Object: null prototype] {
94 verbose audit error     server: [ 'Tengine' ],
94 verbose audit error     'content-type': [ 'application/json; charset=utf-8' ],
94 verbose audit error     'transfer-encoding': [ 'chunked' ],
94 verbose audit error     connection: [ 'keep-alive' ],
94 verbose audit error     date: [ 'Mon, 15 Feb 2021 06:53:04 GMT' ],
94 verbose audit error     'x-current-requests': [ '1' ],
94 verbose audit error     vary: [ 'Origin' ],
94 verbose audit error     'x-readtime': [ '16' ],
94 verbose audit error     'content-encoding': [ 'gzip' ],
94 verbose audit error     'x-alicdn-da-ups-status': [ 'endOs,0,404' ],
94 verbose audit error     via: [ 'cache68.l2et15-7[106,0], cache7.us16[343,0]' ],
94 verbose audit error     'timing-allow-origin': [ '*' ],
94 verbose audit error     eagleid: [ '2ff6119b16133719847144391e' ],
94 verbose audit error     'x-fetch-attempts': [ '1' ]
94 verbose audit error   },
94 verbose audit error   statusCode: 404,
94 verbose audit error   code: 'E404',
94 verbose audit error   method: 'POST',
94 verbose audit error   uri: 'https://registry.npm.taobao.org/-/npm/v1/security/audits/quick',
94 verbose audit error   body: {
94 verbose audit error     error: '[not_found] document not found',
94 verbose audit error     reason: '[not_found] document not found'
94 verbose audit error   },
94 verbose audit error   pkgid: undefined
94 verbose audit error }
95 silly audit error [object Object]
96 timing auditReport:getReport Completed in 6778ms
97 timing reify:audit Completed in 6779ms
98 timing reifyNode:node_modules/multicast-dns Completed in 6796ms
99 timing reifyNode:node_modules/cssesc Completed in 6939ms
100 timing reifyNode:node_modules/semver Completed in 7035ms
101 timing reifyNode:node_modules/regjsparser Completed in 7072ms
102 timing reifyNode:node_modules/regjsparser/node_modules/jsesc Completed in 7084ms
103 timing reifyNode:node_modules/miller-rabin Completed in 7132ms
104 timing reifyNode:node_modules/errno Completed in 7192ms
105 timing reifyNode:node_modules/jsesc Completed in 7479ms
106 timing reifyNode:node_modules/webpack-dev-server/node_modules/semver Completed in 7634ms
107 timing reifyNode:node_modules/sass-loader/node_modules/semver Completed in 7685ms
108 timing reifyNode:node_modules/make-dir/node_modules/semver Completed in 7704ms
109 timing reifyNode:node_modules/cross-env Completed in 7743ms
110 timing reifyNode:node_modules/mime Completed in 7930ms
111 timing reifyNode:node_modules/atob Completed in 8088ms
112 timing reifyNode:node_modules/send/node_modules/mime Completed in 8208ms
113 timing reifyNode:node_modules/he Completed in 8464ms
114 timing reifyNode:node_modules/html-minifier Completed in 8566ms
115 timing reifyNode:node_modules/sha.js Completed in 8954ms
116 timing reifyNode:node_modules/browserslist Completed in 8954ms
117 timing reifyNode:node_modules/concat Completed in 9224ms
118 timing reifyNode:node_modules/uuid Completed in 9933ms
119 timing reifyNode:node_modules/json5 Completed in 10000ms
120 timing reifyNode:node_modules/js-yaml/node_modules/esprima Completed in 10430ms
121 timing reifyNode:node_modules/esprima Completed in 10480ms
122 timing reifyNode:node_modules/webpack-cli Completed in 11899ms
123 timing reifyNode:node_modules/@babel/core/node_modules/json5 Completed in 12675ms
124 timing reifyNode:node_modules/adjust-sourcemap-loader/node_modules/json5 Completed in 12727ms
125 timing reifyNode:node_modules/node-notifier/node_modules/semver Completed in 15503ms
126 timing reifyNode:node_modules/core-js-compat/node_modules/semver Completed in 15619ms
127 timing reifyNode:node_modules/uglify-js Completed in 16570ms
128 timing reifyNode:node_modules/js-yaml Completed in 17083ms
129 timing reifyNode:node_modules/acorn Completed in 17692ms
130 timing reifyNode:node_modules/node-notifier/node_modules/uuid Completed in 18616ms
131 timing reifyNode:node_modules/webpack-dev-server Completed in 18719ms
132 timing reifyNode:node_modules/@babel/parser Completed in 18786ms
133 timing reifyNode:node_modules/svgo Completed in 19243ms
134 timing reifyNode:node_modules/terser Completed in 19478ms
135 timing reifyNode:node_modules/autoprefixer Completed in 19539ms
136 timing reifyNode:node_modules/sass Completed in 21977ms
137 timing reifyNode:node_modules/laravel-mix/node_modules/terser Completed in 22280ms
138 timing reifyNode:node_modules/prettier Completed in 26527ms
139 timing reifyNode:node_modules/webpack Completed in 28939ms
140 timing reify:unpack Completed in 28946ms
141 timing reify:unretire Completed in 153ms
142 timing build:queue Completed in 44ms
143 verbose reify failed optional dependency /home/vagrant/Code/weibo/node_modules/prettier
144 silly reify mark deleted [
144 silly reify   '/home/vagrant/Code/weibo/node_modules/prettier',
144 silly reify   '/home/vagrant/Code/weibo/node_modules/.bin/prettier'
144 silly reify ]
145 timing build:link:node_modules/prettier Completed in 273ms
146 timing reify:rollback:createSparse Completed in 5973ms
147 timing reify:rollback:retireShallow Completed in 860ms
148 timing command:install Completed in 45788ms
149 verbose stack Error: EPROTO: protocol error, symlink '../@babel/parser/bin/babel-parser.js' -> '/home/vagrant/Code/weibo/node_modules/.bin/parser'
150 verbose cwd /home/vagrant/Code/weibo
151 verbose Linux 4.15.0-64-generic
152 verbose argv "/home/vagrant/.nvm/versions/node/v15.8.0/bin/node" "/home/vagrant/.nvm/versions/node/v15.8.0/bin/npm" "add" "jquery"
153 verbose node v15.8.0
154 verbose npm  v7.5.1
155 error code EPROTO
156 error syscall symlink
157 error path ../@babel/parser/bin/babel-parser.js
158 error dest /home/vagrant/Code/weibo/node_modules/.bin/parser
159 error errno -71
160 error EPROTO: protocol error, symlink '../@babel/parser/bin/babel-parser.js' -> '/home/vagrant/Code/weibo/node_modules/.bin/parser'
161 verbose exit -71
