0 verbose cli [
0 verbose cli   '/home/vagrant/.nvm/versions/node/v15.8.0/bin/node',
0 verbose cli   '/home/vagrant/.nvm/versions/node/v15.8.0/bin/npm',
0 verbose cli   'add',
0 verbose cli   'popper.js'
0 verbose cli ]
1 info using npm@7.5.1
2 info using node@v15.8.0
3 timing config:load:defaults Completed in 4ms
4 timing config:load:file:/home/vagrant/.nvm/versions/node/v15.8.0/lib/node_modules/npm/npmrc Completed in 1ms
5 timing config:load:builtin Completed in 2ms
6 timing config:load:cli Completed in 5ms
7 timing config:load:env Completed in 0ms
8 timing config:load:file:/home/vagrant/Code/weibo/.npmrc Completed in 1ms
9 timing config:load:project Completed in 3ms
10 timing config:load:file:/home/vagrant/.npmrc Completed in 2ms
11 timing config:load:user Completed in 2ms
12 timing config:load:file:/home/vagrant/.nvm/versions/node/v15.8.0/etc/npmrc Completed in 0ms
13 timing config:load:global Completed in 1ms
14 timing config:load:cafile Completed in 0ms
15 timing config:load:validate Completed in 4ms
16 timing config:load:setUserAgent Completed in 1ms
17 timing config:load:setEnvs Completed in 3ms
18 timing config:load Completed in 25ms
19 verbose npm-session 1683261a39c725ee
20 timing npm:load Completed in 50ms
21 timing arborist:ctor Completed in 2ms
22 timing idealTree:init Completed in 2450ms
23 timing idealTree:userRequests Completed in 17ms
24 silly idealTree buildDeps
25 silly fetch manifest popper.js@^1.12
26 timing arborist:ctor Completed in 1ms
27 http fetch GET 200 https://registry.npm.taobao.org/popper.js 2779ms
28 silly placeDep ROOT popper.js@1.16.1 KEEP for:  want: ^1.12
29 timing idealTree:#root Completed in 2804ms
30 timing idealTree:buildDeps Completed in 2810ms
31 timing idealTree:fixDepFlags Completed in 54ms
32 timing idealTree Completed in 5383ms
33 timing reify:loadTrees Completed in 5385ms
34 timing reify:diffTrees Completed in 201ms
35 silly reify mark retired [
35 silly reify   '/home/vagrant/Code/weibo/node_modules/@babel/core/node_modules/json5',
35 silly reify   '/home/vagrant/Code/weibo/node_modules/@babel/core/node_modules/.bin/json5'
35 silly reify ]
36 silly reify mark retired [
36 silly reify   '/home/vagrant/Code/weibo/node_modules/@babel/parser',
36 silly reify   '/home/vagrant/Code/weibo/node_modules/.bin/parser'
36 silly reify ]
37 silly reify mark retired [
37 silly reify   '/home/vagrant/Code/weibo/node_modules/acorn',
37 silly reify   '/home/vagrant/Code/weibo/node_modules/.bin/acorn'
37 silly reify ]
38 silly reify mark retired [
38 silly reify   '/home/vagrant/Code/weibo/node_modules/adjust-sourcemap-loader/node_modules/json5',
38 silly reify   '/home/vagrant/Code/weibo/node_modules/adjust-sourcemap-loader/node_modules/.bin/json5'
38 silly reify ]
39 silly reify mark retired [
39 silly reify   '/home/vagrant/Code/weibo/node_modules/ansi-html',
39 silly reify   '/home/vagrant/Code/weibo/node_modules/.bin/ansi-html'
39 silly reify ]
40 silly reify mark retired [
40 silly reify   '/home/vagrant/Code/weibo/node_modules/atob',
40 silly reify   '/home/vagrant/Code/weibo/node_modules/.bin/atob'
40 silly reify ]
41 silly reify mark retired [
41 silly reify   '/home/vagrant/Code/weibo/node_modules/autoprefixer',
41 silly reify   '/home/vagrant/Code/weibo/node_modules/.bin/autoprefixer'
41 silly reify ]
42 silly reify mark retired [
42 silly reify   '/home/vagrant/Code/weibo/node_modules/browserslist',
42 silly reify   '/home/vagrant/Code/weibo/node_modules/.bin/browserslist'
42 silly reify ]
43 silly reify mark retired [
43 silly reify   '/home/vagrant/Code/weibo/node_modules/concat',
43 silly reify   '/home/vagrant/Code/weibo/node_modules/.bin/concat'
43 silly reify ]
44 silly reify mark retired [
44 silly reify   '/home/vagrant/Code/weibo/node_modules/core-js-compat/node_modules/semver',
44 silly reify   '/home/vagrant/Code/weibo/node_modules/core-js-compat/node_modules/.bin/semver'
44 silly reify ]
45 silly reify mark retired [
45 silly reify   '/home/vagrant/Code/weibo/node_modules/cross-env',
45 silly reify   '/home/vagrant/Code/weibo/node_modules/.bin/cross-env',
45 silly reify   '/home/vagrant/Code/weibo/node_modules/.bin/cross-env-shell'
45 silly reify ]
46 silly reify mark retired [
46 silly reify   '/home/vagrant/Code/weibo/node_modules/cssesc',
46 silly reify   '/home/vagrant/Code/weibo/node_modules/.bin/cssesc'
46 silly reify ]
47 silly reify mark retired [
47 silly reify   '/home/vagrant/Code/weibo/node_modules/errno',
47 silly reify   '/home/vagrant/Code/weibo/node_modules/.bin/errno'
47 silly reify ]
48 silly reify mark retired [
48 silly reify   '/home/vagrant/Code/weibo/node_modules/esprima',
48 silly reify   '/home/vagrant/Code/weibo/node_modules/.bin/esparse',
48 silly reify   '/home/vagrant/Code/weibo/node_modules/.bin/esvalidate'
48 silly reify ]
49 silly reify mark retired [
49 silly reify   '/home/vagrant/Code/weibo/node_modules/he',
49 silly reify   '/home/vagrant/Code/weibo/node_modules/.bin/he'
49 silly reify ]
50 silly reify mark retired [
50 silly reify   '/home/vagrant/Code/weibo/node_modules/html-minifier',
50 silly reify   '/home/vagrant/Code/weibo/node_modules/.bin/html-minifier'
50 silly reify ]
51 silly reify mark retired [
51 silly reify   '/home/vagrant/Code/weibo/node_modules/import-local',
51 silly reify   '/home/vagrant/Code/weibo/node_modules/.bin/import-local-fixture'
51 silly reify ]
52 silly reify mark retired [
52 silly reify   '/home/vagrant/Code/weibo/node_modules/is-docker',
52 silly reify   '/home/vagrant/Code/weibo/node_modules/.bin/is-docker'
52 silly reify ]
53 silly reify mark retired [
53 silly reify   '/home/vagrant/Code/weibo/node_modules/js-yaml',
53 silly reify   '/home/vagrant/Code/weibo/node_modules/.bin/js-yaml'
53 silly reify ]
54 silly reify mark retired [
54 silly reify   '/home/vagrant/Code/weibo/node_modules/jsesc',
54 silly reify   '/home/vagrant/Code/weibo/node_modules/.bin/jsesc'
54 silly reify ]
55 silly reify mark retired [
55 silly reify   '/home/vagrant/Code/weibo/node_modules/json5',
55 silly reify   '/home/vagrant/Code/weibo/node_modules/.bin/json5'
55 silly reify ]
56 silly reify mark retired [
56 silly reify   '/home/vagrant/Code/weibo/node_modules/laravel-mix/node_modules/terser',
56 silly reify   '/home/vagrant/Code/weibo/node_modules/laravel-mix/node_modules/.bin/terser'
56 silly reify ]
57 silly reify mark retired [
57 silly reify   '/home/vagrant/Code/weibo/node_modules/make-dir/node_modules/semver',
57 silly reify   '/home/vagrant/Code/weibo/node_modules/make-dir/node_modules/.bin/semver'
57 silly reify ]
58 silly reify mark retired [
58 silly reify   '/home/vagrant/Code/weibo/node_modules/miller-rabin',
58 silly reify   '/home/vagrant/Code/weibo/node_modules/.bin/miller-rabin'
58 silly reify ]
59 silly reify mark retired [
59 silly reify   '/home/vagrant/Code/weibo/node_modules/mime',
59 silly reify   '/home/vagrant/Code/weibo/node_modules/.bin/mime'
59 silly reify ]
60 silly reify mark retired [
60 silly reify   '/home/vagrant/Code/weibo/node_modules/mkdirp',
60 silly reify   '/home/vagrant/Code/weibo/node_modules/.bin/mkdirp'
60 silly reify ]
61 silly reify mark retired [
61 silly reify   '/home/vagrant/Code/weibo/node_modules/multicast-dns',
61 silly reify   '/home/vagrant/Code/weibo/node_modules/.bin/multicast-dns'
61 silly reify ]
62 silly reify mark retired [
62 silly reify   '/home/vagrant/Code/weibo/node_modules/node-notifier/node_modules/semver',
62 silly reify   '/home/vagrant/Code/weibo/node_modules/node-notifier/node_modules/.bin/semver'
62 silly reify ]
63 silly reify mark retired [
63 silly reify   '/home/vagrant/Code/weibo/node_modules/node-notifier/node_modules/uuid',
63 silly reify   '/home/vagrant/Code/weibo/node_modules/node-notifier/node_modules/.bin/uuid'
63 silly reify ]
64 silly reify mark retired [
64 silly reify   '/home/vagrant/Code/weibo/node_modules/node-notifier/node_modules/which',
64 silly reify   '/home/vagrant/Code/weibo/node_modules/node-notifier/node_modules/.bin/node-which'
64 silly reify ]
65 silly reify mark retired [
65 silly reify   '/home/vagrant/Code/weibo/node_modules/prettier',
65 silly reify   '/home/vagrant/Code/weibo/node_modules/.bin/prettier'
65 silly reify ]
66 silly reify mark retired [
66 silly reify   '/home/vagrant/Code/weibo/node_modules/regjsparser',
66 silly reify   '/home/vagrant/Code/weibo/node_modules/.bin/regjsparser'
66 silly reify ]
67 silly reify mark retired [
67 silly reify   '/home/vagrant/Code/weibo/node_modules/rimraf',
67 silly reify   '/home/vagrant/Code/weibo/node_modules/.bin/rimraf'
67 silly reify ]
68 silly reify mark retired [
68 silly reify   '/home/vagrant/Code/weibo/node_modules/sass',
68 silly reify   '/home/vagrant/Code/weibo/node_modules/.bin/sass'
68 silly reify ]
69 silly reify mark retired [
69 silly reify   '/home/vagrant/Code/weibo/node_modules/sass-loader/node_modules/semver',
69 silly reify   '/home/vagrant/Code/weibo/node_modules/sass-loader/node_modules/.bin/semver'
69 silly reify ]
70 silly reify mark retired [
70 silly reify   '/home/vagrant/Code/weibo/node_modules/semver',
70 silly reify   '/home/vagrant/Code/weibo/node_modules/.bin/semver'
70 silly reify ]
71 silly reify mark retired [
71 silly reify   '/home/vagrant/Code/weibo/node_modules/send/node_modules/mime',
71 silly reify   '/home/vagrant/Code/weibo/node_modules/send/node_modules/.bin/mime'
71 silly reify ]
72 silly reify mark retired [
72 silly reify   '/home/vagrant/Code/weibo/node_modules/sha.js',
72 silly reify   '/home/vagrant/Code/weibo/node_modules/.bin/sha.js'
72 silly reify ]
73 silly reify mark retired [
73 silly reify   '/home/vagrant/Code/weibo/node_modules/svgo',
73 silly reify   '/home/vagrant/Code/weibo/node_modules/.bin/svgo'
73 silly reify ]
74 silly reify mark retired [
74 silly reify   '/home/vagrant/Code/weibo/node_modules/terser',
74 silly reify   '/home/vagrant/Code/weibo/node_modules/.bin/terser'
74 silly reify ]
75 silly reify mark retired [
75 silly reify   '/home/vagrant/Code/weibo/node_modules/uglify-js',
75 silly reify   '/home/vagrant/Code/weibo/node_modules/.bin/uglifyjs'
75 silly reify ]
76 silly reify mark retired [
76 silly reify   '/home/vagrant/Code/weibo/node_modules/uuid',
76 silly reify   '/home/vagrant/Code/weibo/node_modules/.bin/uuid'
76 silly reify ]
77 silly reify mark retired [
77 silly reify   '/home/vagrant/Code/weibo/node_modules/webpack',
77 silly reify   '/home/vagrant/Code/weibo/node_modules/.bin/webpack'
77 silly reify ]
78 silly reify mark retired [
78 silly reify   '/home/vagrant/Code/weibo/node_modules/webpack-cli',
78 silly reify   '/home/vagrant/Code/weibo/node_modules/.bin/webpack-cli'
78 silly reify ]
79 silly reify mark retired [
79 silly reify   '/home/vagrant/Code/weibo/node_modules/webpack-dev-server',
79 silly reify   '/home/vagrant/Code/weibo/node_modules/.bin/webpack-dev-server'
79 silly reify ]
80 silly reify mark retired [
80 silly reify   '/home/vagrant/Code/weibo/node_modules/which',
80 silly reify   '/home/vagrant/Code/weibo/node_modules/.bin/which'
80 silly reify ]
81 silly reify moves {
81 silly reify   '/home/vagrant/Code/weibo/node_modules/@babel/core/node_modules/json5': '/home/vagrant/Code/weibo/node_modules/@babel/core/node_modules/.json5-UaJFoph2',
81 silly reify   '/home/vagrant/Code/weibo/node_modules/@babel/core/node_modules/.bin/json5': '/home/vagrant/Code/weibo/node_modules/@babel/core/node_modules/.bin/.json5-un16pPkL',
81 silly reify   '/home/vagrant/Code/weibo/node_modules/@babel/parser': '/home/vagrant/Code/weibo/node_modules/@babel/.parser-l3pOlCV3',
81 silly reify   '/home/vagrant/Code/weibo/node_modules/.bin/parser': '/home/vagrant/Code/weibo/node_modules/.bin/.parser-0pyTKn1f',
81 silly reify   '/home/vagrant/Code/weibo/node_modules/acorn': '/home/vagrant/Code/weibo/node_modules/.acorn-6roYPuVQ',
81 silly reify   '/home/vagrant/Code/weibo/node_modules/.bin/acorn': '/home/vagrant/Code/weibo/node_modules/.bin/.acorn-3Xyso6TT',
81 silly reify   '/home/vagrant/Code/weibo/node_modules/adjust-sourcemap-loader/node_modules/json5': '/home/vagrant/Code/weibo/node_modules/adjust-sourcemap-loader/node_modules/.json5-0jg2X4lK',
81 silly reify   '/home/vagrant/Code/weibo/node_modules/adjust-sourcemap-loader/node_modules/.bin/json5': '/home/vagrant/Code/weibo/node_modules/adjust-sourcemap-loader/node_modules/.bin/.json5-WAS862BG',
81 silly reify   '/home/vagrant/Code/weibo/node_modules/ansi-html': '/home/vagrant/Code/weibo/node_modules/.ansi-html-OzufJsLR',
81 silly reify   '/home/vagrant/Code/weibo/node_modules/.bin/ansi-html': '/home/vagrant/Code/weibo/node_modules/.bin/.ansi-html-oi3OoOuT',
81 silly reify   '/home/vagrant/Code/weibo/node_modules/atob': '/home/vagrant/Code/weibo/node_modules/.atob-vB0sLv8j',
81 silly reify   '/home/vagrant/Code/weibo/node_modules/.bin/atob': '/home/vagrant/Code/weibo/node_modules/.bin/.atob-RmBlWjgq',
81 silly reify   '/home/vagrant/Code/weibo/node_modules/autoprefixer': '/home/vagrant/Code/weibo/node_modules/.autoprefixer-v7OYSex5',
81 silly reify   '/home/vagrant/Code/weibo/node_modules/.bin/autoprefixer': '/home/vagrant/Code/weibo/node_modules/.bin/.autoprefixer-zVY35zZk',
81 silly reify   '/home/vagrant/Code/weibo/node_modules/browserslist': '/home/vagrant/Code/weibo/node_modules/.browserslist-fQRKo0aS',
81 silly reify   '/home/vagrant/Code/weibo/node_modules/.bin/browserslist': '/home/vagrant/Code/weibo/node_modules/.bin/.browserslist-cC3rba7o',
81 silly reify   '/home/vagrant/Code/weibo/node_modules/concat': '/home/vagrant/Code/weibo/node_modules/.concat-OhdvieNk',
81 silly reify   '/home/vagrant/Code/weibo/node_modules/.bin/concat': '/home/vagrant/Code/weibo/node_modules/.bin/.concat-nyUltPDD',
81 silly reify   '/home/vagrant/Code/weibo/node_modules/core-js-compat/node_modules/semver': '/home/vagrant/Code/weibo/node_modules/core-js-compat/node_modules/.semver-Jh01Xh93',
81 silly reify   '/home/vagrant/Code/weibo/node_modules/core-js-compat/node_modules/.bin/semver': '/home/vagrant/Code/weibo/node_modules/core-js-compat/node_modules/.bin/.semver-1S8FYRg7',
81 silly reify   '/home/vagrant/Code/weibo/node_modules/cross-env': '/home/vagrant/Code/weibo/node_modules/.cross-env-Hpniryvr',
81 silly reify   '/home/vagrant/Code/weibo/node_modules/.bin/cross-env': '/home/vagrant/Code/weibo/node_modules/.bin/.cross-env-S3t0V99c',
81 silly reify   '/home/vagrant/Code/weibo/node_modules/.bin/cross-env-shell': '/home/vagrant/Code/weibo/node_modules/.bin/.cross-env-shell-c0U6nmz6',
81 silly reify   '/home/vagrant/Code/weibo/node_modules/cssesc': '/home/vagrant/Code/weibo/node_modules/.cssesc-cbwHlBY6',
81 silly reify   '/home/vagrant/Code/weibo/node_modules/.bin/cssesc': '/home/vagrant/Code/weibo/node_modules/.bin/.cssesc-9sVOfHtW',
81 silly reify   '/home/vagrant/Code/weibo/node_modules/errno': '/home/vagrant/Code/weibo/node_modules/.errno-drDE7VEu',
81 silly reify   '/home/vagrant/Code/weibo/node_modules/.bin/errno': '/home/vagrant/Code/weibo/node_modules/.bin/.errno-yyoMQWf8',
81 silly reify   '/home/vagrant/Code/weibo/node_modules/esprima': '/home/vagrant/Code/weibo/node_modules/.esprima-sEm30lcZ',
81 silly reify   '/home/vagrant/Code/weibo/node_modules/.bin/esparse': '/home/vagrant/Code/weibo/node_modules/.bin/.esparse-UE2tVZhK',
81 silly reify   '/home/vagrant/Code/weibo/node_modules/.bin/esvalidate': '/home/vagrant/Code/weibo/node_modules/.bin/.esvalidate-lHMGJpuo',
81 silly reify   '/home/vagrant/Code/weibo/node_modules/he': '/home/vagrant/Code/weibo/node_modules/.he-EMxCSO3P',
81 silly reify   '/home/vagrant/Code/weibo/node_modules/.bin/he': '/home/vagrant/Code/weibo/node_modules/.bin/.he-Om2wWto3',
81 silly reify   '/home/vagrant/Code/weibo/node_modules/html-minifier': '/home/vagrant/Code/weibo/node_modules/.html-minifier-9RVgro1V',
81 silly reify   '/home/vagrant/Code/weibo/node_modules/.bin/html-minifier': '/home/vagrant/Code/weibo/node_modules/.bin/.html-minifier-CdQYJ4Yu',
81 silly reify   '/home/vagrant/Code/weibo/node_modules/import-local': '/home/vagrant/Code/weibo/node_modules/.import-local-MpPf6WTA',
81 silly reify   '/home/vagrant/Code/weibo/node_modules/.bin/import-local-fixture': '/home/vagrant/Code/weibo/node_modules/.bin/.import-local-fixture-Wkq3mcla',
81 silly reify   '/home/vagrant/Code/weibo/node_modules/is-docker': '/home/vagrant/Code/weibo/node_modules/.is-docker-tEJ3oYW4',
81 silly reify   '/home/vagrant/Code/weibo/node_modules/.bin/is-docker': '/home/vagrant/Code/weibo/node_modules/.bin/.is-docker-1mNq5BU4',
81 silly reify   '/home/vagrant/Code/weibo/node_modules/js-yaml': '/home/vagrant/Code/weibo/node_modules/.js-yaml-9Mx4E0nj',
81 silly reify   '/home/vagrant/Code/weibo/node_modules/.bin/js-yaml': '/home/vagrant/Code/weibo/node_modules/.bin/.js-yaml-dGk1DP0n',
81 silly reify   '/home/vagrant/Code/weibo/node_modules/jsesc': '/home/vagrant/Code/weibo/node_modules/.jsesc-ChA8SPIg',
81 silly reify   '/home/vagrant/Code/weibo/node_modules/.bin/jsesc': '/home/vagrant/Code/weibo/node_modules/.bin/.jsesc-eeKtO6Y8',
81 silly reify   '/home/vagrant/Code/weibo/node_modules/json5': '/home/vagrant/Code/weibo/node_modules/.json5-ZzrWf14g',
81 silly reify   '/home/vagrant/Code/weibo/node_modules/.bin/json5': '/home/vagrant/Code/weibo/node_modules/.bin/.json5-8Tzv8FTw',
81 silly reify   '/home/vagrant/Code/weibo/node_modules/laravel-mix/node_modules/terser': '/home/vagrant/Code/weibo/node_modules/laravel-mix/node_modules/.terser-XlpKhWXD',
81 silly reify   '/home/vagrant/Code/weibo/node_modules/laravel-mix/node_modules/.bin/terser': '/home/vagrant/Code/weibo/node_modules/laravel-mix/node_modules/.bin/.terser-tFDs4iqC',
81 silly reify   '/home/vagrant/Code/weibo/node_modules/make-dir/node_modules/semver': '/home/vagrant/Code/weibo/node_modules/make-dir/node_modules/.semver-McXgs7aY',
81 silly reify   '/home/vagrant/Code/weibo/node_modules/make-dir/node_modules/.bin/semver': '/home/vagrant/Code/weibo/node_modules/make-dir/node_modules/.bin/.semver-4KfTgTjS',
81 silly reify   '/home/vagrant/Code/weibo/node_modules/miller-rabin': '/home/vagrant/Code/weibo/node_modules/.miller-rabin-Fm3AGYHN',
81 silly reify   '/home/vagrant/Code/weibo/node_modules/.bin/miller-rabin': '/home/vagrant/Code/weibo/node_modules/.bin/.miller-rabin-ui9j6Bet',
81 silly reify   '/home/vagrant/Code/weibo/node_modules/mime': '/home/vagrant/Code/weibo/node_modules/.mime-uI57yD28',
81 silly reify   '/home/vagrant/Code/weibo/node_modules/.bin/mime': '/home/vagrant/Code/weibo/node_modules/.bin/.mime-wygVonhm',
81 silly reify   '/home/vagrant/Code/weibo/node_modules/mkdirp': '/home/vagrant/Code/weibo/node_modules/.mkdirp-nY3xIQFQ',
81 silly reify   '/home/vagrant/Code/weibo/node_modules/.bin/mkdirp': '/home/vagrant/Code/weibo/node_modules/.bin/.mkdirp-Di4FYQQA',
81 silly reify   '/home/vagrant/Code/weibo/node_modules/multicast-dns': '/home/vagrant/Code/weibo/node_modules/.multicast-dns-ALMTwiaE',
81 silly reify   '/home/vagrant/Code/weibo/node_modules/.bin/multicast-dns': '/home/vagrant/Code/weibo/node_modules/.bin/.multicast-dns-LFRkReIg',
81 silly reify   '/home/vagrant/Code/weibo/node_modules/node-notifier/node_modules/semver': '/home/vagrant/Code/weibo/node_modules/node-notifier/node_modules/.semver-xkMoxRwv',
81 silly reify   '/home/vagrant/Code/weibo/node_modules/node-notifier/node_modules/.bin/semver': '/home/vagrant/Code/weibo/node_modules/node-notifier/node_modules/.bin/.semver-7bUKcstx',
81 silly reify   '/home/vagrant/Code/weibo/node_modules/node-notifier/node_modules/uuid': '/home/vagrant/Code/weibo/node_modules/node-notifier/node_modules/.uuid-pexDwLhW',
81 silly reify   '/home/vagrant/Code/weibo/node_modules/node-notifier/node_modules/.bin/uuid': '/home/vagrant/Code/weibo/node_modules/node-notifier/node_modules/.bin/.uuid-SuGzEVqh',
81 silly reify   '/home/vagrant/Code/weibo/node_modules/node-notifier/node_modules/which': '/home/vagrant/Code/weibo/node_modules/node-notifier/node_modules/.which-We2FmWf9',
81 silly reify   '/home/vagrant/Code/weibo/node_modules/node-notifier/node_modules/.bin/node-which': '/home/vagrant/Code/weibo/node_modules/node-notifier/node_modules/.bin/.node-which-d2y9rKrv',
81 silly reify   '/home/vagrant/Code/weibo/node_modules/prettier': '/home/vagrant/Code/weibo/node_modules/.prettier-7NG71cCZ',
81 silly reify   '/home/vagrant/Code/weibo/node_modules/.bin/prettier': '/home/vagrant/Code/weibo/node_modules/.bin/.prettier-4AADQoWi',
81 silly reify   '/home/vagrant/Code/weibo/node_modules/regjsparser': '/home/vagrant/Code/weibo/node_modules/.regjsparser-HqJnaoD0',
81 silly reify   '/home/vagrant/Code/weibo/node_modules/.bin/regjsparser': '/home/vagrant/Code/weibo/node_modules/.bin/.regjsparser-7DPJmTqR',
81 silly reify   '/home/vagrant/Code/weibo/node_modules/rimraf': '/home/vagrant/Code/weibo/node_modules/.rimraf-W0oJlszP',
81 silly reify   '/home/vagrant/Code/weibo/node_modules/.bin/rimraf': '/home/vagrant/Code/weibo/node_modules/.bin/.rimraf-D5mG9TSX',
81 silly reify   '/home/vagrant/Code/weibo/node_modules/sass': '/home/vagrant/Code/weibo/node_modules/.sass-j0jKReqD',
81 silly reify   '/home/vagrant/Code/weibo/node_modules/.bin/sass': '/home/vagrant/Code/weibo/node_modules/.bin/.sass-t1xZx1HP',
81 silly reify   '/home/vagrant/Code/weibo/node_modules/sass-loader/node_modules/semver': '/home/vagrant/Code/weibo/node_modules/sass-loader/node_modules/.semver-cHIFj5s5',
81 silly reify   '/home/vagrant/Code/weibo/node_modules/sass-loader/node_modules/.bin/semver': '/home/vagrant/Code/weibo/node_modules/sass-loader/node_modules/.bin/.semver-OrRkOZNS',
81 silly reify   '/home/vagrant/Code/weibo/node_modules/semver': '/home/vagrant/Code/weibo/node_modules/.semver-kMrWcajw',
81 silly reify   '/home/vagrant/Code/weibo/node_modules/.bin/semver': '/home/vagrant/Code/weibo/node_modules/.bin/.semver-a8iBlEXk',
81 silly reify   '/home/vagrant/Code/weibo/node_modules/send/node_modules/mime': '/home/vagrant/Code/weibo/node_modules/send/node_modules/.mime-s62v8yRm',
81 silly reify   '/home/vagrant/Code/weibo/node_modules/send/node_modules/.bin/mime': '/home/vagrant/Code/weibo/node_modules/send/node_modules/.bin/.mime-JUqZ71vd',
81 silly reify   '/home/vagrant/Code/weibo/node_modules/sha.js': '/home/vagrant/Code/weibo/node_modules/.sha.js-cfdzZ2gN',
81 silly reify   '/home/vagrant/Code/weibo/node_modules/.bin/sha.js': '/home/vagrant/Code/weibo/node_modules/.bin/.sha.js-ka9lacjV',
81 silly reify   '/home/vagrant/Code/weibo/node_modules/svgo': '/home/vagrant/Code/weibo/node_modules/.svgo-uA13kLih',
81 silly reify   '/home/vagrant/Code/weibo/node_modules/.bin/svgo': '/home/vagrant/Code/weibo/node_modules/.bin/.svgo-Y7mDQgQJ',
81 silly reify   '/home/vagrant/Code/weibo/node_modules/terser': '/home/vagrant/Code/weibo/node_modules/.terser-gwyLmyRA',
81 silly reify   '/home/vagrant/Code/weibo/node_modules/.bin/terser': '/home/vagrant/Code/weibo/node_modules/.bin/.terser-8y2DTZlq',
81 silly reify   '/home/vagrant/Code/weibo/node_modules/uglify-js': '/home/vagrant/Code/weibo/node_modules/.uglify-js-3aumQ8rk',
81 silly reify   '/home/vagrant/Code/weibo/node_modules/.bin/uglifyjs': '/home/vagrant/Code/weibo/node_modules/.bin/.uglifyjs-PEHDMcqf',
81 silly reify   '/home/vagrant/Code/weibo/node_modules/uuid': '/home/vagrant/Code/weibo/node_modules/.uuid-dueqK1yM',
81 silly reify   '/home/vagrant/Code/weibo/node_modules/.bin/uuid': '/home/vagrant/Code/weibo/node_modules/.bin/.uuid-XfyJlIEY',
81 silly reify   '/home/vagrant/Code/weibo/node_modules/webpack': '/home/vagrant/Code/weibo/node_modules/.webpack-zd3e7T0r',
81 silly reify   '/home/vagrant/Code/weibo/node_modules/.bin/webpack': '/home/vagrant/Code/weibo/node_modules/.bin/.webpack-Z4PLGfBW',
81 silly reify   '/home/vagrant/Code/weibo/node_modules/webpack-cli': '/home/vagrant/Code/weibo/node_modules/.webpack-cli-UMjJO2n6',
81 silly reify   '/home/vagrant/Code/weibo/node_modules/.bin/webpack-cli': '/home/vagrant/Code/weibo/node_modules/.bin/.webpack-cli-n5OK1ZHS',
81 silly reify   '/home/vagrant/Code/weibo/node_modules/webpack-dev-server': '/home/vagrant/Code/weibo/node_modules/.webpack-dev-server-SIpBpw6q',
81 silly reify   '/home/vagrant/Code/weibo/node_modules/.bin/webpack-dev-server': '/home/vagrant/Code/weibo/node_modules/.bin/.webpack-dev-server-ocu6BBQO',
81 silly reify   '/home/vagrant/Code/weibo/node_modules/which': '/home/vagrant/Code/weibo/node_modules/.which-9JU6z8wv',
81 silly reify   '/home/vagrant/Code/weibo/node_modules/.bin/which': '/home/vagrant/Code/weibo/node_modules/.bin/.which-DgvryVnl'
81 silly reify }
82 timing reify:retireShallow Completed in 526ms
83 timing reify:createSparse Completed in 118ms
84 timing reify:loadBundles Completed in 0ms
85 http fetch POST 404 https://registry.npm.taobao.org/-/npm/v1/security/advisories/bulk 3055ms
86 timing reifyNode:node_modules/rimraf Completed in 5014ms
87 timing reifyNode:node_modules/is-docker Completed in 5113ms
88 timing reifyNode:node_modules/import-local Completed in 5165ms
89 timing reifyNode:node_modules/which Completed in 5385ms
90 timing reifyNode:node_modules/node-notifier/node_modules/which Completed in 5468ms
91 timing reifyNode:node_modules/mkdirp Completed in 5472ms
92 timing reifyNode:node_modules/cross-env/node_modules/which Completed in 5535ms
93 timing reifyNode:node_modules/ansi-html Completed in 6256ms
94 timing reifyNode:node_modules/multicast-dns Completed in 6407ms
95 timing reifyNode:node_modules/cssesc Completed in 6490ms
96 http fetch POST 404 https://registry.npm.taobao.org/-/npm/v1/security/audits/quick 2301ms
97 verbose audit error Error: 404 Not Found - POST https://registry.npm.taobao.org/-/npm/v1/security/audits/quick - [not_found] document not found
97 verbose audit error     at /home/vagrant/.nvm/versions/node/v15.8.0/lib/node_modules/npm/node_modules/npm-registry-fetch/check-response.js:123:15
97 verbose audit error     at async Map.[getReport] (/home/vagrant/.nvm/versions/node/v15.8.0/lib/node_modules/npm/node_modules/@npmcli/arborist/lib/audit-report.js:310:21)
97 verbose audit error     at async Map.run (/home/vagrant/.nvm/versions/node/v15.8.0/lib/node_modules/npm/node_modules/@npmcli/arborist/lib/audit-report.js:103:19)
97 verbose audit error  HttpErrorGeneral: 404 Not Found - POST https://registry.npm.taobao.org/-/npm/v1/security/audits/quick - [not_found] document not found
97 verbose audit error     at /home/vagrant/.nvm/versions/node/v15.8.0/lib/node_modules/npm/node_modules/npm-registry-fetch/check-response.js:123:15
97 verbose audit error     at async Map.[getReport] (/home/vagrant/.nvm/versions/node/v15.8.0/lib/node_modules/npm/node_modules/@npmcli/arborist/lib/audit-report.js:310:21)
97 verbose audit error     at async Map.run (/home/vagrant/.nvm/versions/node/v15.8.0/lib/node_modules/npm/node_modules/@npmcli/arborist/lib/audit-report.js:103:19) {
97 verbose audit error   headers: [Object: null prototype] {
97 verbose audit error     server: [ 'Tengine' ],
97 verbose audit error     'content-type': [ 'application/json; charset=utf-8' ],
97 verbose audit error     'transfer-encoding': [ 'chunked' ],
97 verbose audit error     connection: [ 'keep-alive' ],
97 verbose audit error     date: [ 'Mon, 15 Feb 2021 06:55:16 GMT' ],
97 verbose audit error     'x-current-requests': [ '1' ],
97 verbose audit error     vary: [ 'Origin' ],
97 verbose audit error     'x-readtime': [ '19' ],
97 verbose audit error     'content-encoding': [ 'gzip' ],
97 verbose audit error     'x-alicdn-da-ups-status': [ 'endOs,0,404' ],
97 verbose audit error     via: [ 'cache8.l2eu95-2[134,0], cache5.us16[345,0]' ],
97 verbose audit error     'timing-allow-origin': [ '*' ],
97 verbose audit error     eagleid: [ '2ff6119916133721161583248e' ],
97 verbose audit error     'x-fetch-attempts': [ '1' ]
97 verbose audit error   },
97 verbose audit error   statusCode: 404,
97 verbose audit error   code: 'E404',
97 verbose audit error   method: 'POST',
97 verbose audit error   uri: 'https://registry.npm.taobao.org/-/npm/v1/security/audits/quick',
97 verbose audit error   body: {
97 verbose audit error     error: '[not_found] document not found',
97 verbose audit error     reason: '[not_found] document not found'
97 verbose audit error   },
97 verbose audit error   pkgid: undefined
97 verbose audit error }
98 silly audit error [object Object]
99 timing auditReport:getReport Completed in 6594ms
100 timing reify:audit Completed in 6596ms
101 timing reifyNode:node_modules/semver Completed in 6576ms
102 timing reifyNode:node_modules/regjsparser Completed in 6611ms
103 timing reifyNode:node_modules/regjsparser/node_modules/jsesc Completed in 6639ms
104 timing reifyNode:node_modules/miller-rabin Completed in 6708ms
105 timing reifyNode:node_modules/errno Completed in 6733ms
106 timing reifyNode:node_modules/jsesc Completed in 7026ms
107 timing reifyNode:node_modules/webpack-dev-server/node_modules/semver Completed in 7092ms
108 timing reifyNode:node_modules/sass-loader/node_modules/semver Completed in 7172ms
109 timing reifyNode:node_modules/make-dir/node_modules/semver Completed in 7224ms
110 timing reifyNode:node_modules/cross-env Completed in 7240ms
111 timing reifyNode:node_modules/mime Completed in 7363ms
112 timing reifyNode:node_modules/atob Completed in 7461ms
113 timing reifyNode:node_modules/send/node_modules/mime Completed in 7639ms
114 timing reifyNode:node_modules/he Completed in 7942ms
115 timing reifyNode:node_modules/html-minifier Completed in 7948ms
116 timing reifyNode:node_modules/sha.js Completed in 8257ms
117 timing reifyNode:node_modules/browserslist Completed in 8266ms
118 timing reifyNode:node_modules/concat Completed in 8493ms
119 timing reifyNode:node_modules/json5 Completed in 9065ms
120 timing reifyNode:node_modules/uuid Completed in 9096ms
121 timing reifyNode:node_modules/js-yaml/node_modules/esprima Completed in 9532ms
122 timing reifyNode:node_modules/esprima Completed in 9532ms
123 timing reifyNode:node_modules/webpack-cli Completed in 10511ms
124 timing reifyNode:node_modules/adjust-sourcemap-loader/node_modules/json5 Completed in 11493ms
125 timing reifyNode:node_modules/@babel/core/node_modules/json5 Completed in 11618ms
126 timing reifyNode:node_modules/node-notifier/node_modules/semver Completed in 13475ms
127 timing reifyNode:node_modules/core-js-compat/node_modules/semver Completed in 13756ms
128 timing reifyNode:node_modules/uglify-js Completed in 14369ms
129 timing reifyNode:node_modules/js-yaml Completed in 14842ms
130 timing reifyNode:node_modules/acorn Completed in 15560ms
131 timing reifyNode:node_modules/node-notifier/node_modules/uuid Completed in 16253ms
132 timing reifyNode:node_modules/webpack-dev-server Completed in 16361ms
133 timing reifyNode:node_modules/@babel/parser Completed in 16374ms
134 timing reifyNode:node_modules/svgo Completed in 16820ms
135 timing reifyNode:node_modules/terser Completed in 16994ms
136 timing reifyNode:node_modules/autoprefixer Completed in 17069ms
137 timing reifyNode:node_modules/sass Completed in 19185ms
138 timing reifyNode:node_modules/laravel-mix/node_modules/terser Completed in 19525ms
139 timing reifyNode:node_modules/prettier Completed in 22121ms
140 timing reifyNode:node_modules/webpack Completed in 23941ms
141 timing reify:unpack Completed in 23944ms
142 timing reify:unretire Completed in 138ms
143 timing build:queue Completed in 33ms
144 verbose reify failed optional dependency /home/vagrant/Code/weibo/node_modules/prettier
145 silly reify mark deleted [
145 silly reify   '/home/vagrant/Code/weibo/node_modules/prettier',
145 silly reify   '/home/vagrant/Code/weibo/node_modules/.bin/prettier'
145 silly reify ]
146 timing build:link:node_modules/prettier Completed in 233ms
147 timing reify:rollback:createSparse Completed in 5682ms
148 timing reify:rollback:retireShallow Completed in 516ms
149 timing command:install Completed in 36961ms
150 verbose stack Error: EPROTO: protocol error, symlink '../@babel/parser/bin/babel-parser.js' -> '/home/vagrant/Code/weibo/node_modules/.bin/parser'
151 verbose cwd /home/vagrant/Code/weibo
152 verbose Linux 4.15.0-64-generic
153 verbose argv "/home/vagrant/.nvm/versions/node/v15.8.0/bin/node" "/home/vagrant/.nvm/versions/node/v15.8.0/bin/npm" "add" "popper.js"
154 verbose node v15.8.0
155 verbose npm  v7.5.1
156 error code EPROTO
157 error syscall symlink
158 error path ../@babel/parser/bin/babel-parser.js
159 error dest /home/vagrant/Code/weibo/node_modules/.bin/parser
160 error errno -71
161 error EPROTO: protocol error, symlink '../@babel/parser/bin/babel-parser.js' -> '/home/vagrant/Code/weibo/node_modules/.bin/parser'
162 verbose exit -71
