0 verbose cli [
0 verbose cli   '/home/vagrant/.nvm/versions/node/v15.8.0/bin/node',
0 verbose cli   '/home/vagrant/.nvm/versions/node/v15.8.0/bin/npm',
0 verbose cli   'run',
0 verbose cli   'development',
0 verbose cli   '--',
0 verbose cli   '--watch',
0 verbose cli   '--watch-poll'
0 verbose cli ]
1 info using npm@7.5.1
2 info using node@v15.8.0
3 timing config:load:defaults Completed in 4ms
4 timing config:load:file:/home/vagrant/.nvm/versions/node/v15.8.0/lib/node_modules/npm/npmrc Completed in 1ms
5 timing config:load:builtin Completed in 1ms
6 timing config:load:cli Completed in 5ms
7 timing config:load:env Completed in 2ms
8 timing config:load:file:/home/vagrant/Code/weibo/.npmrc Completed in 1ms
9 timing config:load:project Completed in 2ms
10 timing config:load:file:/home/vagrant/.npmrc Completed in 2ms
11 timing config:load:user Completed in 2ms
12 timing config:load:file:/home/vagrant/.nvm/versions/node/v15.8.0/etc/npmrc Completed in 0ms
13 timing config:load:global Completed in 0ms
14 timing config:load:cafile Completed in 1ms
15 timing config:load:validate Completed in 5ms
16 timing config:load:setUserAgent Completed in 1ms
17 timing config:load:setEnvs Completed in 2ms
18 timing config:load Completed in 25ms
19 verbose npm-session 9068d5a4e5018145
20 timing npm:load Completed in 55ms
21 timing command:run-script Completed in 52868ms
22 verbose stack Error: command failed
22 verbose stack     at ChildProcess.<anonymous> (/home/vagrant/.nvm/versions/node/v15.8.0/lib/node_modules/npm/node_modules/@npmcli/promise-spawn/index.js:64:27)
22 verbose stack     at ChildProcess.emit (node:events:378:20)
22 verbose stack     at maybeClose (node:internal/child_process:1067:16)
22 verbose stack     at Process.ChildProcess._handle.onexit (node:internal/child_process:301:5)
23 verbose cwd /home/vagrant/Code/weibo
24 verbose Linux 4.15.0-64-generic
25 verbose argv "/home/vagrant/.nvm/versions/node/v15.8.0/bin/node" "/home/vagrant/.nvm/versions/node/v15.8.0/bin/npm" "run" "development" "--" "--watch" "--watch-poll"
26 verbose node v15.8.0
27 verbose npm  v7.5.1
28 error code 1
29 error path /home/vagrant/Code/weibo
30 error command failed
31 error command sh -c cross-env NODE_ENV=development node_modules/webpack/bin/webpack.js --progress --config=node_modules/laravel-mix/setup/webpack.config.js "--watch" "--watch-poll"
32 verbose exit 1
