[2019-09-29T12:55:03.175Z] starting `heroku update --autoupdate` from /usr/lib/heroku/bin/run version
waiting until 2019-09-29T13:55:03.168Z to update
waiting until 2019-09-29T13:55:03.168Z to update
[2019-11-23T10:55:33.302Z] starting `heroku update --autoupdate` from /usr/lib/heroku/bin/run -v
waiting until 2019-11-23T11:55:33.295Z to update
waiting until 2019-11-23T11:55:33.295Z to update
waiting until 2019-11-23T11:55:33.295Z to update
waiting until 2019-11-23T11:55:33.295Z to update
waiting until 2019-11-23T11:55:33.295Z to update
waiting until 2019-11-23T11:55:33.295Z to update
waiting until 2019-11-23T11:55:33.295Z to update
waiting until 2019-11-23T11:55:33.295Z to update
waiting until 2019-11-23T11:55:33.295Z to update
waiting until 2019-11-23T11:55:33.295Z to update
waiting until 2019-11-23T11:55:33.295Z to update
waiting until 2019-11-23T12:06:27.281Z to update
waiting until 2019-11-23T12:06:27.281Z to update
waiting until 2019-11-23T12:06:27.281Z to update
waiting until 2019-11-23T12:06:27.281Z to update
waiting until 2019-11-23T12:06:27.281Z to update
waiting until 2019-11-23T12:06:27.281Z to update
waiting until 2019-11-23T12:06:27.281Z to update
waiting until 2019-11-23T12:06:27.281Z to update
waiting until 2019-11-23T12:06:27.281Z to update
waiting until 2019-11-23T12:06:27.281Z to update
[2021-02-12T23:39:28.508Z] starting `heroku update --autoupdate` from /usr/lib/heroku/bin/run login
waiting until 2021-02-13T00:39:28.434Z to update
waiting until 2021-02-13T00:39:28.434Z to update
waiting until 2021-02-13T00:39:28.434Z to update
waiting until 2021-02-13T00:39:28.434Z to update
waiting until 2021-02-13T00:39:28.434Z to update
waiting until 2021-02-13T00:44:25.176Z to update
waiting until 2021-02-13T00:45:20.472Z to update
waiting until 2021-02-13T00:46:25.164Z to update
waiting until 2021-02-13T00:46:25.164Z to update
waiting until 2021-02-13T00:48:28.916Z to update
waiting until 2021-02-13T00:48:28.916Z to update
waiting until 2021-02-13T00:49:31.755Z to update
waiting until 2021-02-13T00:51:09.463Z to update
waiting until 2021-02-13T00:51:09.463Z to update
waiting until 2021-02-13T00:51:09.463Z to update
waiting until 2021-02-13T00:51:09.463Z to update
waiting until 2021-02-13T00:51:09.463Z to update
waiting until 2021-02-13T00:51:09.463Z to update
waiting until 2021-02-13T00:57:12.296Z to update
waiting until 2021-02-13T00:57:12.296Z to update
waiting until 2021-02-13T00:57:12.296Z to update
waiting until 2021-02-13T00:57:12.296Z to update
waiting until 2021-02-13T00:57:12.296Z to update
waiting until 2021-02-13T00:57:12.296Z to update
waiting until 2021-02-13T00:57:12.296Z to update
waiting until 2021-02-13T00:57:12.296Z to update
waiting until 2021-02-13T00:57:12.296Z to update
waiting until 2021-02-13T00:57:12.296Z to update
waiting until 2021-02-13T00:57:12.296Z to update
waiting until 2021-02-13T00:57:12.296Z to update
waiting until 2021-02-13T00:57:12.296Z to update
waiting until 2021-02-13T00:57:12.296Z to update
waiting until 2021-02-13T00:57:12.296Z to update
waiting until 2021-02-13T00:57:12.296Z to update
waiting until 2021-02-13T00:57:12.296Z to update
waiting until 2021-02-13T00:57:12.296Z to update
waiting until 2021-02-13T00:57:12.296Z to update
waiting until 2021-02-13T00:57:12.296Z to update
waiting until 2021-02-13T00:57:12.296Z to update
waiting until 2021-02-13T00:57:12.296Z to update
waiting until 2021-02-13T00:57:12.296Z to update
waiting until 2021-02-13T00:57:12.296Z to update
waiting until 2021-02-13T00:57:12.296Z to update
waiting until 2021-02-13T00:57:12.296Z to update
waiting until 2021-02-13T00:57:12.296Z to update
waiting until 2021-02-13T00:57:12.296Z to update
waiting until 2021-02-13T00:57:12.296Z to update
waiting until 2021-02-13T00:57:12.296Z to update
waiting until 2021-02-13T00:57:12.296Z to update
waiting until 2021-02-13T00:57:12.296Z to update
waiting until 2021-02-13T00:57:12.296Z to update
waiting until 2021-02-13T00:57:12.296Z to update
waiting until 2021-02-13T00:57:12.296Z to update
waiting until 2021-02-13T00:57:12.296Z to update
waiting until 2021-02-13T00:57:12.296Z to update
waiting until 2021-02-13T00:57:12.296Z to update
waiting until 2021-02-13T00:57:12.296Z to update
waiting until 2021-02-13T00:57:12.296Z to update
waiting until 2021-02-13T00:57:12.296Z to update
waiting until 2021-02-13T00:57:12.296Z to update
waiting until 2021-02-13T00:57:12.296Z to update
waiting until 2021-02-13T00:57:12.296Z to update
waiting until 2021-02-13T00:57:12.296Z to update
waiting until 2021-02-13T00:57:12.296Z to update
waiting until 2021-02-13T00:57:12.296Z to update
waiting until 2021-02-13T00:57:12.296Z to update
waiting until 2021-02-13T00:57:12.296Z to update
waiting until 2021-02-13T00:57:12.296Z to update
waiting until 2021-02-13T00:57:12.296Z to update
waiting until 2021-02-13T00:57:12.296Z to update
waiting until 2021-02-13T00:57:12.296Z to update
waiting until 2021-02-13T00:57:12.296Z to update
waiting until 2021-02-13T00:57:12.296Z to update
waiting until 2021-02-13T00:57:12.296Z to update
waiting until 2021-02-13T00:57:12.296Z to update
waiting until 2021-02-13T00:57:12.296Z to update
waiting until 2021-02-13T00:57:12.296Z to update
waiting until 2021-02-13T00:57:12.296Z to update
time to update
heroku: Updating CLI... not updatable
 ›   Warning: update with "sudo apt update && sudo apt install heroku"
Updating completions...
Updating completions... done
